# JRE version: Java(TM) SE Runtime Environment (8.0_112-b15) (build 1.8.0_112-b15)
# Java VM: Java HotSpot(TM) 64-Bit Server VM (25.112-b15 mixed mode windows-amd64 compressed oops)
Heap:
 PSYoungGen      total 104960K, used 40340K [0x00000000e0780000, 0x00000000e9e80000, 0x0000000100000000)
  eden space 96256K, 32% used [0x00000000e0780000,0x00000000e266ca10,0x00000000e6580000)
  from space 8704K, 99% used [0x00000000e6580000,0x00000000e6df89e8,0x00000000e6e00000)
  to   space 9728K, 0% used [0x00000000e9500000,0x00000000e9500000,0x00000000e9e80000)
 ParOldGen       total 43008K, used 7185K [0x00000000a1600000, 0x00000000a4000000, 0x00000000e0780000)
  object space 43008K, 16% used [0x00000000a1600000,0x00000000a1d04430,0x00000000a4000000)
 Metaspace       used 30690K, capacity 32170K, committed 32512K, reserved 1077248K
  class space    used 3963K, capacity 4248K, committed 4352K, reserved 1048576K
GC Heap History (10 events):
Event: 5.330 GC heap before
{Heap before GC invocations=4 (full 0):
 PSYoungGen      total 28672K, used 28672K [0x00000000e0780000, 0x00000000e3f80000, 0x0000000100000000)
  eden space 24576K, 100% used [0x00000000e0780000,0x00000000e1f80000,0x00000000e1f80000)
  from space 4096K, 100% used [0x00000000e1f80000,0x00000000e2380000,0x00000000e2380000)
  to   space 4096K, 0% used [0x00000000e3b80000,0x00000000e3b80000,0x00000000e3f80000)
 ParOldGen       total 65536K, used 2348K [0x00000000a1600000, 0x00000000a5600000, 0x00000000e0780000)
  object space 65536K, 3% used [0x00000000a1600000,0x00000000a184b008,0x00000000a5600000)
 Metaspace       used 18356K, capacity 18864K, committed 19072K, reserved 1064960K
  class space    used 2421K, capacity 2567K, committed 2688K, reserved 1048576K
Event: 5.347 GC heap after
Heap after GC invocations=4 (full 0):
 PSYoungGen      total 53248K, used 4080K [0x00000000e0780000, 0x00000000e3f80000, 0x0000000100000000)
  eden space 49152K, 0% used [0x00000000e0780000,0x00000000e0780000,0x00000000e3780000)
  from space 4096K, 99% used [0x00000000e3b80000,0x00000000e3f7c010,0x00000000e3f80000)
  to   space 4096K, 0% used [0x00000000e3780000,0x00000000e3780000,0x00000000e3b80000)
 ParOldGen       total 65536K, used 4709K [0x00000000a1600000, 0x00000000a5600000, 0x00000000e0780000)
  object space 65536K, 7% used [0x00000000a1600000,0x00000000a1a997d8,0x00000000a5600000)
 Metaspace       used 18356K, capacity 18864K, committed 19072K, reserved 1064960K
  class space    used 2421K, capacity 2567K, committed 2688K, reserved 1048576K
}
Event: 5.703 GC heap before
{Heap before GC invocations=5 (full 0):
 PSYoungGen      total 53248K, used 22096K [0x00000000e0780000, 0x00000000e3f80000, 0x0000000100000000)
  eden space 49152K, 36% used [0x00000000e0780000,0x00000000e19181d0,0x00000000e3780000)
  from space 4096K, 99% used [0x00000000e3b80000,0x00000000e3f7c010,0x00000000e3f80000)
  to   space 4096K, 0% used [0x00000000e3780000,0x00000000e3780000,0x00000000e3b80000)
 ParOldGen       total 65536K, used 4709K [0x00000000a1600000, 0x00000000a5600000, 0x00000000e0780000)
  object space 65536K, 7% used [0x00000000a1600000,0x00000000a1a997d8,0x00000000a5600000)
 Metaspace       used 20701K, capacity 21214K, committed 21248K, reserved 1067008K
  class space    used 2667K, capacity 2810K, committed 2816K, reserved 1048576K
Event: 5.729 GC heap after
Heap after GC invocations=5 (full 0):
 PSYoungGen      total 53248K, used 4080K [0x00000000e0780000, 0x00000000e7780000, 0x0000000100000000)
  eden space 49152K, 0% used [0x00000000e0780000,0x00000000e0780000,0x00000000e3780000)
  from space 4096K, 99% used [0x00000000e3780000,0x00000000e3b7c010,0x00000000e3b80000)
  to   space 8192K, 0% used [0x00000000e6f80000,0x00000000e6f80000,0x00000000e7780000)
 ParOldGen       total 65536K, used 7576K [0x00000000a1600000, 0x00000000a5600000, 0x00000000e0780000)
  object space 65536K, 11% used [0x00000000a1600000,0x00000000a1d663c8,0x00000000a5600000)
 Metaspace       used 20701K, capacity 21214K, committed 21248K, reserved 1067008K
  class space    used 2667K, capacity 2810K, committed 2816K, reserved 1048576K
}
Event: 5.729 GC heap before
{Heap before GC invocations=6 (full 1):
 PSYoungGen      total 53248K, used 4080K [0x00000000e0780000, 0x00000000e7780000, 0x0000000100000000)
  eden space 49152K, 0% used [0x00000000e0780000,0x00000000e0780000,0x00000000e3780000)
  from space 4096K, 99% used [0x00000000e3780000,0x00000000e3b7c010,0x00000000e3b80000)
  to   space 8192K, 0% used [0x00000000e6f80000,0x00000000e6f80000,0x00000000e7780000)
 ParOldGen       total 65536K, used 7576K [0x00000000a1600000, 0x00000000a5600000, 0x00000000e0780000)
  object space 65536K, 11% used [0x00000000a1600000,0x00000000a1d663c8,0x00000000a5600000)
 Metaspace       used 20701K, capacity 21214K, committed 21248K, reserved 1067008K
  class space    used 2667K, capacity 2810K, committed 2816K, reserved 1048576K
Event: 5.802 GC heap after
Heap after GC invocations=6 (full 1):
 PSYoungGen      total 53248K, used 0K [0x00000000e0780000, 0x00000000e7780000, 0x0000000100000000)
  eden space 49152K, 0% used [0x00000000e0780000,0x00000000e0780000,0x00000000e3780000)
  from space 4096K, 0% used [0x00000000e3780000,0x00000000e3780000,0x00000000e3b80000)
  to   space 8192K, 0% used [0x00000000e6f80000,0x00000000e6f80000,0x00000000e7780000)
 ParOldGen       total 43008K, used 6962K [0x00000000a1600000, 0x00000000a4000000, 0x00000000e0780000)
  object space 43008K, 16% used [0x00000000a1600000,0x00000000a1ccca98,0x00000000a4000000)
 Metaspace       used 20701K, capacity 21214K, committed 21248K, reserved 1067008K
  class space    used 2667K, capacity 2810K, committed 2816K, reserved 1048576K
}
Event: 7.176 GC heap before
{Heap before GC invocations=7 (full 1):
 PSYoungGen      total 53248K, used 49152K [0x00000000e0780000, 0x00000000e7780000, 0x0000000100000000)
  eden space 49152K, 100% used [0x00000000e0780000,0x00000000e3780000,0x00000000e3780000)
  from space 4096K, 0% used [0x00000000e3780000,0x00000000e3780000,0x00000000e3b80000)
  to   space 8192K, 0% used [0x00000000e6f80000,0x00000000e6f80000,0x00000000e7780000)
 ParOldGen       total 43008K, used 6962K [0x00000000a1600000, 0x00000000a4000000, 0x00000000e0780000)
  object space 43008K, 16% used [0x00000000a1600000,0x00000000a1ccca98,0x00000000a4000000)
 Metaspace       used 26582K, capacity 27320K, committed 27520K, reserved 1073152K
  class space    used 3420K, capacity 3605K, committed 3712K, reserved 1048576K
Event: 7.198 GC heap after
Heap after GC invocations=7 (full 1):
 PSYoungGen      total 89600K, used 7042K [0x00000000e0780000, 0x00000000e7680000, 0x0000000100000000)
  eden space 82432K, 0% used [0x00000000e0780000,0x00000000e0780000,0x00000000e5800000)
  from space 7168K, 98% used [0x00000000e6f80000,0x00000000e7660828,0x00000000e7680000)
  to   space 8704K, 0% used [0x00000000e6580000,0x00000000e6580000,0x00000000e6e00000)
 ParOldGen       total 43008K, used 6970K [0x00000000a1600000, 0x00000000a4000000, 0x00000000e0780000)
  object space 43008K, 16% used [0x00000000a1600000,0x00000000a1ccea98,0x00000000a4000000)
 Metaspace       used 26582K, capacity 27320K, committed 27520K, reserved 1073152K
  class space    used 3420K, capacity 3605K, committed 3712K, reserved 1048576K
}
Event: 8.612 GC heap before
{Heap before GC invocations=8 (full 1):
 PSYoungGen      total 89600K, used 89474K [0x00000000e0780000, 0x00000000e7680000, 0x0000000100000000)
  eden space 82432K, 100% used [0x00000000e0780000,0x00000000e5800000,0x00000000e5800000)
  from space 7168K, 98% used [0x00000000e6f80000,0x00000000e7660828,0x00000000e7680000)
  to   space 8704K, 0% used [0x00000000e6580000,0x00000000e6580000,0x00000000e6e00000)
 ParOldGen       total 43008K, used 6970K [0x00000000a1600000, 0x00000000a4000000, 0x00000000e0780000)
  object space 43008K, 16% used [0x00000000a1600000,0x00000000a1ccea98,0x00000000a4000000)
 Metaspace       used 29805K, capacity 31114K, committed 31232K, reserved 1077248K
  class space    used 3848K, capacity 4092K, committed 4096K, reserved 1048576K
Event: 8.628 GC heap after
Heap after GC invocations=8 (full 1):
 PSYoungGen      total 104960K, used 8674K [0x00000000e0780000, 0x00000000e9e80000, 0x0000000100000000)
  eden space 96256K, 0% used [0x00000000e0780000,0x00000000e0780000,0x00000000e6580000)
  from space 8704K, 99% used [0x00000000e6580000,0x00000000e6df89e8,0x00000000e6e00000)
  to   space 9728K, 0% used [0x00000000e9500000,0x00000000e9500000,0x00000000e9e80000)
 ParOldGen       total 43008K, used 7185K [0x00000000a1600000, 0x00000000a4000000, 0x00000000e0780000)
  object space 43008K, 16% used [0x00000000a1600000,0x00000000a1d04430,0x00000000a4000000)
 Metaspace       used 29805K, capacity 31114K, committed 31232K, reserved 1077248K
  class space    used 3848K, capacity 4092K, committed 4096K, reserved 1048576K
}

